
> web@0.0.0 dev
> next dev

   ▲ Next.js 14.1.0
   - Local:        http://localhost:3000
   - Environments: .env.local

 ✓ Ready in 2.6s
 ○ Compiling / ...
 ✓ Compiled / in 1977ms (1396 modules)
 ✓ Compiled in 105ms (701 modules)
 ✓ Compiled /tools/[toolId] in 253ms (1433 modules)

 ⚠ metadata.metadataBase is not set for resolving social open graph or twitter images, using "http://localhost:3000". See https://nextjs.org/docs/app/api-reference/functions/generate-metadata#metadatabase
 ✓ Compiled in 1246ms (1447 modules)
 ✓ Compiled in 195ms (729 modules)
 ✓ Compiled in 336ms (1447 modules)
 ✓ Compiled in 52ms (729 modules)
 ✓ Compiled in 224ms (1455 modules)
 ✓ Compiled in 185ms (731 modules)
 ✓ Compiled in 76ms (731 modules)
 ✓ Compiled in 78ms (731 modules)
 ✓ Compiled in 169ms (731 modules)
 ✓ Compiled in 54ms (731 modules)
 ✓ Compiled in 49ms (731 modules)
 ✓ Compiled in 52ms (731 modules)
 ✓ Compiled in 88ms (731 modules)
 ✓ Compiled in 143ms (731 modules)
 ✓ Compiled in 59ms (731 modules)
 ✓ Compiled in 50ms (731 modules)
 ✓ Compiled in 54ms (731 modules)
 ✓ Compiled in 47ms (731 modules)
 ✓ Compiled in 58ms (731 modules)
 ✓ Compiled in 319ms (1441 modules)
 ✓ Compiled in 120ms (1447 modules)
 ✓ Compiled in 45ms (729 modules)
 ✓ Compiled in 277ms (1458 modules)
 ✓ Compiled in 88ms (734 modules)
 ✓ Compiled in 52ms (734 modules)
 ✓ Compiled in 192ms (1458 modules)
 ✓ Compiled in 192ms (1458 modules)
 ✓ Compiled in 119ms (1458 modules)
 ✓ Compiled in 50ms (734 modules)
 ✓ Compiled in 48ms (734 modules)
 ✓ Compiled in 109ms (1458 modules)
 ✓ Compiled in 400ms (1458 modules)
 ✓ Compiled in 198ms (1465 modules)
 ✓ Compiled in 61ms (736 modules)
 ✓ Compiled in 242ms (1458 modules)
 ✓ Compiled in 232ms (1458 modules)
 ✓ Compiled in 627ms (1444 modules)
 ✓ Compiled in 289ms (1459 modules)
 ✓ Compiled in 297ms (1451 modules)
