
> backend@0.0.0 start /Users/mayankraj/Desktop/fileswift/apps/backend
> node dist/index.js

node:internal/modules/cjs/loader:1424
  throw err;
  ^

Error: Cannot find module '/Users/mayankraj/Desktop/fileswift/apps/backend/dist/index.js'
    at Module._resolveFilename (node:internal/modules/cjs/loader:1421:15)
    at defaultResolveImpl (node:internal/modules/cjs/loader:1059:19)
    at resolveForCJSWithHooks (node:internal/modules/cjs/loader:1064:22)
    at Module._load (node:internal/modules/cjs/loader:1227:37)
    at TracingChannel.traceSync (node:diagnostics_channel:328:14)
    at wrapModuleLoad (node:internal/modules/cjs/loader:245:24)
    at Module.executeUserEntryPoint [as runMain] (node:internal/modules/run_main:154:5)
    at node:internal/main/run_main_module:33:47 {
  code: 'MODULE_NOT_FOUND',
  requireStack: []
}

Node.js v24.11.1
/Users/mayankraj/Desktop/fileswift/apps/backend:
 ERR_PNPM_RECURSIVE_RUN_FIRST_FAIL  backend@0.0.0 start: `node dist/index.js`
Exit status 1
